<?xml version="1.0" encoding="UTF-8"?>
<!-- Generated by org.testng.reporters.JUnitXMLReporter -->
<testsuite ignored="33" hostname="DESKTOP-B38FRTG" failures="0" tests="1" name="Default test" time="0.078" errors="0" timestamp="2022-02-12T22:08:51 IST">
  <testcase classname="durgasoft.JavaPrograms" name="P32_CountNoOfOccurancesString" time="0.015"/>
  <testcase classname="durgasoft.JavaPrograms" name="P15_DuckNumber" time="0.0">
    <ignored/>
  </testcase> <!-- P15_DuckNumber -->
  <testcase classname="durgasoft.JavaPrograms" name="P1_OddEvenNumber" time="0.0">
    <ignored/>
  </testcase> <!-- P1_OddEvenNumber -->
  <testcase classname="durgasoft.JavaPrograms" name="P25_LargestElementOfArray" time="0.0">
    <ignored/>
  </testcase> <!-- P25_LargestElementOfArray -->
  <testcase classname="durgasoft.JavaPrograms" name="P24_DuplicateNosArrayWay2" time="0.0">
    <ignored/>
  </testcase> <!-- P24_DuplicateNosArrayWay2 -->
  <testcase classname="durgasoft.JavaPrograms" name="ChristmasOffer" time="0.0">
    <ignored/>
  </testcase> <!-- ChristmasOffer -->
  <testcase classname="durgasoft.JavaPrograms" name="P7_sumOfDivisableBy3" time="0.0">
    <ignored/>
  </testcase> <!-- P7_sumOfDivisableBy3 -->
  <testcase classname="durgasoft.JavaPrograms" name="P18_Palindrome" time="0.0">
    <ignored/>
  </testcase> <!-- P18_Palindrome -->
  <testcase classname="durgasoft.JavaPrograms" name="P20_FabonacciNumber" time="0.0">
    <ignored/>
  </testcase> <!-- P20_FabonacciNumber -->
  <testcase classname="durgasoft.JavaPrograms" name="P30_CompareTwoStringsEqualsMethod" time="0.0">
    <ignored/>
  </testcase> <!-- P30_CompareTwoStringsEqualsMethod -->
  <testcase classname="durgasoft.JavaPrograms" name="P29_ConcatStrings" time="0.0">
    <ignored/>
  </testcase> <!-- P29_ConcatStrings -->
  <testcase classname="durgasoft.JavaPrograms" name="P4_conditionalIf" time="0.0">
    <ignored/>
  </testcase> <!-- P4_conditionalIf -->
  <testcase classname="durgasoft.JavaPrograms" name="P2_program2" time="0.0">
    <ignored/>
  </testcase> <!-- P2_program2 -->
  <testcase classname="durgasoft.JavaPrograms" name="P9_sumOfOddNos" time="0.0">
    <ignored/>
  </testcase> <!-- P9_sumOfOddNos -->
  <testcase classname="durgasoft.JavaPrograms" name="P8_CountNoOfDigits" time="0.0">
    <ignored/>
  </testcase> <!-- P8_CountNoOfDigits -->
  <testcase classname="durgasoft.JavaPrograms" name="P27_List" time="0.0">
    <ignored/>
  </testcase> <!-- P27_List -->
  <testcase classname="durgasoft.JavaPrograms" name="P17_FrequencyOfDigits" time="0.0">
    <ignored/>
  </testcase> <!-- P17_FrequencyOfDigits -->
  <testcase classname="durgasoft.JavaPrograms" name="P13_SwapTwoNOs" time="0.0">
    <ignored/>
  </testcase> <!-- P13_SwapTwoNOs -->
  <testcase classname="durgasoft.JavaPrograms" name="P21_ReverseOfNumberWay2" time="0.0">
    <ignored/>
  </testcase> <!-- P21_ReverseOfNumberWay2 -->
  <testcase classname="durgasoft.JavaPrograms" name="P5_postIncrement" time="0.0">
    <ignored/>
  </testcase> <!-- P5_postIncrement -->
  <testcase classname="durgasoft.JavaPrograms" name="P19_FactorialOfNumber" time="0.0">
    <ignored/>
  </testcase> <!-- P19_FactorialOfNumber -->
  <testcase classname="durgasoft.JavaPrograms" name="P6_sumOfPrimeNos" time="0.0">
    <ignored/>
  </testcase> <!-- P6_sumOfPrimeNos -->
  <testcase classname="durgasoft.JavaPrograms" name="P11_vowelORConsonant" time="0.0">
    <ignored/>
  </testcase> <!-- P11_vowelORConsonant -->
  <testcase classname="durgasoft.JavaPrograms" name="P28_Set" time="0.0">
    <ignored/>
  </testcase> <!-- P28_Set -->
  <testcase classname="durgasoft.JavaPrograms" name="P10_reverseOfNumber" time="0.0">
    <ignored/>
  </testcase> <!-- P10_reverseOfNumber -->
  <testcase classname="durgasoft.JavaPrograms" name="P14_ReverseOfString" time="0.0">
    <ignored/>
  </testcase> <!-- P14_ReverseOfString -->
  <testcase classname="durgasoft.JavaPrograms" name="NivanNumber" time="0.0">
    <ignored/>
  </testcase> <!-- NivanNumber -->
  <testcase classname="durgasoft.JavaPrograms" name="P31_NoOfWordsString" time="0.0">
    <ignored/>
  </testcase> <!-- P31_NoOfWordsString -->
  <testcase classname="durgasoft.JavaPrograms" name="P26_SmallestElementOfArray" time="0.0">
    <ignored/>
  </testcase> <!-- P26_SmallestElementOfArray -->
  <testcase classname="durgasoft.JavaPrograms" name="P23_DuplicateNosArrayWay1" time="0.0">
    <ignored/>
  </testcase> <!-- P23_DuplicateNosArrayWay1 -->
  <testcase classname="durgasoft.JavaPrograms" name="P3_leapYr" time="0.0">
    <ignored/>
  </testcase> <!-- P3_leapYr -->
  <testcase classname="durgasoft.JavaPrograms" name="P16_NoOfTimesDigitOccures" time="0.0">
    <ignored/>
  </testcase> <!-- P16_NoOfTimesDigitOccures -->
  <testcase classname="durgasoft.JavaPrograms" name="P22_PrimeNumber" time="0.0">
    <ignored/>
  </testcase> <!-- P22_PrimeNumber -->
  <testcase classname="durgasoft.JavaPrograms" name="P12_LargestOfThreeNos" time="0.0">
    <ignored/>
  </testcase> <!-- P12_LargestOfThreeNos -->
</testsuite> <!-- Default test -->
