<?xml version="1.0" encoding="UTF-8"?>
<testng-results ignored="33" total="34" passed="1" failed="0" skipped="0">
  <reporter-output>
  </reporter-output>
  <suite started-at="2022-02-12T22:08:51 IST" name="Default suite" finished-at="2022-02-12T22:08:51 IST" duration-ms="78">
    <groups>
    </groups>
    <test started-at="2022-02-12T22:08:51 IST" name="Default test" finished-at="2022-02-12T22:08:51 IST" duration-ms="78">
      <class name="durgasoft.JavaPrograms">
        <test-method signature="P32_CountNoOfOccurancesString()[pri:0, instance:durgasoft.JavaPrograms@51f116b8]" started-at="2022-02-12T22:08:51 IST" name="P32_CountNoOfOccurancesString" finished-at="2022-02-12T22:08:51 IST" duration-ms="15" status="PASS">
          <reporter-output>
          </reporter-output>
        </test-method> <!-- P32_CountNoOfOccurancesString -->
      </class> <!-- durgasoft.JavaPrograms -->
    </test> <!-- Default test -->
  </suite> <!-- Default suite -->
</testng-results>
